Redcode MARS Assembler v. 1.1 - (C) 1988 Maz Spork

line  addr  o A-oper B-oper label   opcode  operands

   1  0000  1 0-0000 1-FFE0 start   mov #0, -32
   2  0001  5 1-0000 1-FFDF wait    jmz wait, -33
   3  0002  1 0-FF9C 1-0006         mov #-100, dest
   4  0003  1 0-0009 1-0007         mov #count-start-1, count
   5  0004  1 0-0000 1-0005         mov #0, src
   6  0005  1 3-0004 3-0003 loop    mov <src, <dest
   7  0006  7 1-FFFF 1-0004         djn loop, count
   8  0007  4 2-0001 0-0000         jmp @dest
   9                        
  10  0008  0 0-0000 0-0000 dest    dat #0
  11  0009  0 0-0000 0-0000 src     dat #0
  12  000A  0 0-0000 0-0000 count   dat #0
  13                        
  14                        
  15                        
  16                        
  17                        
  18                        


Code size     =    Bh locations
Start address =    0h relative
Efficiency    =    9% of stack space used

Symbol Table:

count            = 000A    dest             = 0008   
loop             = 0005    src              = 0009   
start            = 0000    wait             = 0001   
